<?xml version="1.0" encoding="utf-8"?><testsuites name="pytest tests"><testsuite name="pytest" errors="0" failures="1" skipped="0" tests="13" time="15.735" timestamp="2026-07-03T22:23:55.300777+00:00" hostname="agent-env-d0c163e7-68e2-4905-a057-28759a5ec704"><testcase classname="tests.backend_test.TestAnalyzeMenuValidation" name="test_unsupported_mime_gif" time="0.296" /><testcase classname="tests.backend_test.TestAnalyzeMenuValidation" name="test_unsupported_mime_text" time="0.046" /><testcase classname="tests.backend_test.TestAnalyzeMenuValidation" name="test_oversized_image" time="0.434" /><testcase classname="tests.backend_test.TestAnalyzeMenuValidation" name="test_non_menu_image_graceful" time="1.316" /><testcase classname="tests.backend_test.TestHealth" name="test_health_ok" time="0.049" /><testcase classname="tests.backend_test.TestHealth" name="test_root" time="0.054" /><testcase classname="tests.backend_test.TestAnalyzeMenuHappy" name="test_status_200" time="15.163" /><testcase classname="tests.backend_test.TestAnalyzeMenuHappy" name="test_response_shape" time="0.000" /><testcase classname="tests.backend_test.TestAnalyzeMenuHappy" name="test_items_populated" time="0.000" /><testcase classname="tests.backend_test.TestAnalyzeMenuHappy" name="test_items_capped_at_25" time="0.000" /><testcase classname="tests.backend_test.TestAnalyzeMenuHappy" name="test_item_contract" time="0.000" /><testcase classname="tests.backend_test.TestAnalyzeMenuHappy" name="test_brave_images_populated" time="0.000"><failure message="AssertionError: Only 1/10 items have images&#10;assert 1 &gt;= 5&#10; +  where 1 = len([{'name': 'Spaghetti Carbonara', 'description': 'Guanciale, egg yolk, pecorino, black pepper', 'category': 'Pasta', 'price': '$22', ...}])&#10; +  and   5 = max(1, (10 // 2))&#10; +    where 10 = len([{'name': 'Bruschetta al Pomodoro', 'description': 'Toasted bread, San Marzano tomatoes, basil, garlic', 'category': 'Antipasti', 'price': '$9', ...}, {'name': 'Caprese Salad', 'description': 'Fresh mozzarella, heirloom tomato, basil, olive oil', 'category': 'Antipasti', 'price': '$14', ...}, {'name': 'Prosciutto e Melone', 'description': 'Cured Parma ham, sweet cantaloupe melon', 'category': 'Antipasti', 'price': '$16', ...}, {'name': 'Spaghetti Carbonara', 'description': 'Guanciale, egg yolk, pecorino, black pepper', 'category': 'Pasta', 'price': '$22', ...}, {'name': 'Tagliatelle Bolognese', 'description': 'Slow-cooked beef and pork ragu, parmesan', 'category': 'Pasta', 'price': '$24', ...}, {'name': 'Ravioli di Zucca', 'description': 'Butternut squash ravioli, sage brown butter', 'category': 'Pasta', 'price': '$21', ...}, ...])">backend/tests/backend_test.py:94: in test_brave_images_populated
    assert len(with_img) &gt;= max(1, len(data["items"]) // 2), (
E   AssertionError: Only 1/10 items have images
E   assert 1 &gt;= 5
E    +  where 1 = len([{'name': 'Spaghetti Carbonara', 'description': 'Guanciale, egg yolk, pecorino, black pepper', 'category': 'Pasta', 'price': '$22', ...}])
E    +  and   5 = max(1, (10 // 2))
E    +    where 10 = len([{'name': 'Bruschetta al Pomodoro', 'description': 'Toasted bread, San Marzano tomatoes, basil, garlic', 'category': 'Antipasti', 'price': '$9', ...}, {'name': 'Caprese Salad', 'description': 'Fresh mozzarella, heirloom tomato, basil, olive oil', 'category': 'Antipasti', 'price': '$14', ...}, {'name': 'Prosciutto e Melone', 'description': 'Cured Parma ham, sweet cantaloupe melon', 'category': 'Antipasti', 'price': '$16', ...}, {'name': 'Spaghetti Carbonara', 'description': 'Guanciale, egg yolk, pecorino, black pepper', 'category': 'Pasta', 'price': '$22', ...}, {'name': 'Tagliatelle Bolognese', 'description': 'Slow-cooked beef and pork ragu, parmesan', 'category': 'Pasta', 'price': '$24', ...}, {'name': 'Ravioli di Zucca', 'description': 'Butternut squash ravioli, sage brown butter', 'category': 'Pasta', 'price': '$21', ...}, ...])</failure></testcase><testcase classname="tests.backend_test.TestAnalyzeMenuHappy" name="test_no_secret_leak" time="0.000" /></testsuite></testsuites>