<?xml version="1.0" encoding="utf-8"?><testsuites name="pytest tests"><testsuite name="pytest" errors="0" failures="0" skipped="0" tests="13" time="27.364" timestamp="2026-07-03T22:28:41.300367+00:00" hostname="agent-env-d0c163e7-68e2-4905-a057-28759a5ec704"><testcase classname="tests.backend_test.TestAnalyzeMenuValidation" name="test_unsupported_mime_gif" time="0.148" /><testcase classname="tests.backend_test.TestAnalyzeMenuValidation" name="test_unsupported_mime_text" time="0.142" /><testcase classname="tests.backend_test.TestAnalyzeMenuValidation" name="test_oversized_image" time="0.421" /><testcase classname="tests.backend_test.TestAnalyzeMenuValidation" name="test_non_menu_image_graceful" time="1.389" /><testcase classname="tests.backend_test.TestHealth" name="test_health_ok" time="0.053" /><testcase classname="tests.backend_test.TestHealth" name="test_root" time="0.052" /><testcase classname="tests.backend_test.TestAnalyzeMenuHappy" name="test_status_200" time="26.766" /><testcase classname="tests.backend_test.TestAnalyzeMenuHappy" name="test_response_shape" time="0.000" /><testcase classname="tests.backend_test.TestAnalyzeMenuHappy" name="test_items_populated" time="0.000" /><testcase classname="tests.backend_test.TestAnalyzeMenuHappy" name="test_items_capped_at_25" time="0.000" /><testcase classname="tests.backend_test.TestAnalyzeMenuHappy" name="test_item_contract" time="0.000" /><testcase classname="tests.backend_test.TestAnalyzeMenuHappy" name="test_brave_images_populated" time="0.000" /><testcase classname="tests.backend_test.TestAnalyzeMenuHappy" name="test_no_secret_leak" time="0.000" /></testsuite></testsuites>